2025-02-04 16:21:08,637 - INFO - 
============================== 开始处理A股数据 ==============================
2025-02-04 16:21:08,637 - INFO - 正在处理A股：600519
2025-02-04 16:21:08,637 - INFO - 正在处理A股：300750
2025-02-04 16:21:08,638 - INFO - 正在处理A股：601899
2025-02-04 16:21:09,401 - INFO - [A股] 数据获取成功（300750）
2025-02-04 16:21:09,419 - INFO - 数据已保存至：./stock_data\A股数据\300750.csv
2025-02-04 16:21:09,515 - INFO - [A股] 数据获取成功（601899）
2025-02-04 16:21:09,518 - INFO - [A股] 数据获取成功（600519）
2025-02-04 16:21:09,599 - INFO - 数据已保存至：./stock_data\A股数据\601899.csv
2025-02-04 16:21:09,680 - INFO - 数据已保存至：./stock_data\A股数据\600519.csv
2025-02-04 16:21:26,704 - INFO - 专业级图表已保存至：./stock_data\可视化图表\300750_专业行情图.png
2025-02-04 16:21:29,837 - INFO - 专业级图表已保存至：./stock_data\可视化图表\601899_专业行情图.png
2025-02-04 16:21:31,534 - INFO - 专业级图表已保存至：./stock_data\可视化图表\600519_专业行情图.png
2025-02-04 16:21:43,397 - INFO - 
============================== 开始处理A股数据 ==============================
2025-02-04 16:21:43,398 - INFO - 正在处理A股：600519
2025-02-04 16:21:43,399 - INFO - 正在处理A股：300750
2025-02-04 16:21:43,399 - INFO - 正在处理A股：601899
2025-02-04 16:21:44,139 - INFO - [A股] 数据获取成功（300750）
2025-02-04 16:21:44,155 - INFO - 数据已保存至：./stock_data\A股数据\300750.csv
2025-02-04 16:21:44,274 - INFO - [A股] 数据获取成功（601899）
2025-02-04 16:21:44,315 - INFO - [A股] 数据获取成功（600519）
2025-02-04 16:21:44,361 - INFO - 数据已保存至：./stock_data\A股数据\601899.csv
2025-02-04 16:21:44,472 - INFO - 数据已保存至：./stock_data\A股数据\600519.csv
2025-02-04 16:22:01,235 - INFO - 专业级图表已保存至：./stock_data\可视化图表\300750_专业行情图.png
2025-02-04 16:22:04,399 - INFO - 专业级图表已保存至：./stock_data\可视化图表\601899_专业行情图.png
2025-02-04 16:22:06,078 - INFO - 专业级图表已保存至：./stock_data\可视化图表\600519_专业行情图.png
2025-02-04 16:22:06,079 - INFO - 
所有数据处理完成！
2025-02-04 17:07:14,818 - INFO - 
============================== 开始处理A股数据 ==============================
2025-02-04 17:07:14,819 - INFO - 正在处理A股：600519
2025-02-04 17:07:14,820 - INFO - 正在处理A股：300750
2025-02-04 17:07:14,820 - INFO - 正在处理A股：601899
2025-02-04 17:07:15,893 - INFO - [A股] 数据获取成功（300750）
2025-02-04 17:07:15,937 - INFO - [A股] 数据获取成功（601899）
2025-02-04 17:07:15,937 - INFO - 数据已保存至：./stock_data\A股数据\300750.csv
2025-02-04 17:07:15,967 - INFO - 数据已保存至：./stock_data\A股数据\601899.csv
2025-02-04 17:07:16,081 - INFO - [A股] 数据获取成功（600519）
2025-02-04 17:07:16,126 - INFO - 数据已保存至：./stock_data\A股数据\600519.csv
2025-02-04 17:07:16,782 - INFO - 图表已保存至：./stock_data\可视化图表\601899_价格走势图.png
2025-02-04 17:07:16,967 - INFO - 图表已保存至：./stock_data\可视化图表\300750_价格走势图.png
2025-02-04 17:07:17,139 - INFO - 图表已保存至：./stock_data\可视化图表\600519_价格走势图.png
2025-02-04 17:07:17,140 - INFO - 
所有数据处理完成！
2025-02-04 17:08:18,599 - INFO - 
============================== 开始处理A股数据 ==============================
2025-02-04 17:08:18,600 - INFO - 正在处理A股：600519
2025-02-04 17:08:18,601 - INFO - 正在处理A股：300750
2025-02-04 17:08:18,601 - INFO - 正在处理A股：601899
2025-02-04 17:08:19,260 - INFO - [A股] 数据获取成功（300750）
2025-02-04 17:08:19,277 - INFO - 数据已保存至：./stock_data\A股数据\300750.csv
2025-02-04 17:08:19,308 - INFO - [A股] 数据获取成功（601899）
2025-02-04 17:08:19,338 - INFO - 数据已保存至：./stock_data\A股数据\601899.csv
2025-02-04 17:08:19,383 - INFO - [A股] 数据获取成功（600519）
2025-02-04 17:08:19,425 - INFO - 数据已保存至：./stock_data\A股数据\600519.csv
2025-02-04 17:08:20,121 - INFO - 图表已保存至：./stock_data\可视化图表\300750_价格走势图.png
2025-02-04 17:08:20,134 - INFO - 图表已保存至：./stock_data\可视化图表\601899_价格走势图.png
2025-02-04 17:08:20,369 - INFO - 图表已保存至：./stock_data\可视化图表\600519_价格走势图.png
2025-02-04 17:08:20,370 - INFO - 
所有数据处理完成！
2025-02-04 17:08:53,459 - INFO - 
============================== 开始处理A股数据 ==============================
2025-02-04 17:08:53,459 - INFO - 正在处理A股：600519
2025-02-04 17:08:53,460 - INFO - 正在处理A股：300750
2025-02-04 17:08:53,460 - INFO - 正在处理A股：601899
2025-02-04 17:08:54,156 - INFO - [A股] 数据获取成功（300750）
2025-02-04 17:08:54,173 - INFO - 数据已保存至：./stock_data\A股数据\300750.csv
2025-02-04 17:08:54,214 - INFO - [A股] 数据获取成功（601899）
2025-02-04 17:08:54,244 - INFO - 数据已保存至：./stock_data\A股数据\601899.csv
2025-02-04 17:08:54,347 - INFO - [A股] 数据获取成功（600519）
2025-02-04 17:08:54,398 - INFO - 数据已保存至：./stock_data\A股数据\600519.csv
2025-02-04 17:08:55,101 - INFO - 图表已保存至：./stock_data\可视化图表\300750_价格走势图.png
2025-02-04 17:08:55,345 - INFO - 图表已保存至：./stock_data\可视化图表\601899_价格走势图.png
2025-02-04 17:08:55,466 - INFO - 图表已保存至：./stock_data\可视化图表\600519_价格走势图.png
2025-02-04 17:08:55,467 - INFO - 
所有数据处理完成！
2025-02-04 17:09:45,516 - INFO - 
============================== 开始处理A股数据 ==============================
2025-02-04 17:09:45,517 - INFO - 正在处理A股：600519
2025-02-04 17:09:45,518 - INFO - 正在处理A股：300750
2025-02-04 17:09:45,518 - INFO - 正在处理A股：601899
2025-02-04 17:09:46,227 - INFO - [A股] 数据获取成功（300750）
2025-02-04 17:09:46,247 - INFO - 数据已保存至：./stock_data\A股数据\300750.csv
2025-02-04 17:09:46,315 - INFO - [A股] 数据获取成功（601899）
2025-02-04 17:09:46,376 - INFO - [A股] 数据获取成功（600519）
2025-02-04 17:09:46,379 - INFO - 数据已保存至：./stock_data\A股数据\601899.csv
2025-02-04 17:09:46,430 - INFO - 数据已保存至：./stock_data\A股数据\600519.csv
2025-02-04 17:09:47,086 - INFO - 图表已保存至：./stock_data\可视化图表\300750_价格走势图.png
2025-02-04 17:09:47,408 - INFO - 图表已保存至：./stock_data\可视化图表\601899_价格走势图.png
2025-02-04 17:09:47,492 - INFO - 图表已保存至：./stock_data\可视化图表\600519_价格走势图.png
2025-02-04 17:09:47,492 - INFO - 
所有数据处理完成！
2025-02-04 17:14:33,241 - INFO - 
============================== 开始处理A股数据 ==============================
2025-02-04 17:14:33,242 - INFO - 正在处理A股：600519
2025-02-04 17:14:33,243 - INFO - 正在处理A股：300750
2025-02-04 17:14:33,244 - INFO - 正在处理A股：601899
2025-02-04 17:14:33,905 - INFO - [A股] 数据获取成功（300750）
2025-02-04 17:14:33,923 - INFO - 数据已保存至：./stock_data\A股数据\300750.csv
2025-02-04 17:14:33,980 - INFO - [A股] 数据获取成功（601899）
2025-02-04 17:14:34,035 - INFO - [A股] 数据获取成功（600519）
2025-02-04 17:14:34,037 - INFO - 数据已保存至：./stock_data\A股数据\601899.csv
2025-02-04 17:14:34,080 - INFO - 数据已保存至：./stock_data\A股数据\600519.csv
2025-02-04 17:14:35,041 - INFO - 图表已保存至：./stock_data\可视化图表\300750_价格走势图.png
2025-02-04 17:14:35,094 - INFO - 图表已保存至：./stock_data\可视化图表\601899_价格走势图.png
2025-02-04 17:14:35,141 - INFO - 图表已保存至：./stock_data\可视化图表\600519_价格走势图.png
2025-02-04 17:14:35,142 - INFO - 
所有数据处理完成！
